[2026-02-06T21:28:19.626+0000] {taskinstance.py:1956} INFO - Dependencies all met for dep_context=non-requeueable deps ti=<TaskInstance: dag_teste_sem_api.gerar_csv_teste scheduled__2026-02-06T00:00:00+00:00 [queued]>
[2026-02-06T21:28:19.631+0000] {taskinstance.py:1956} INFO - Dependencies all met for dep_context=requeueable deps ti=<TaskInstance: dag_teste_sem_api.gerar_csv_teste scheduled__2026-02-06T00:00:00+00:00 [queued]>
[2026-02-06T21:28:19.631+0000] {taskinstance.py:2170} INFO - Starting attempt 1 of 1
[2026-02-06T21:28:19.639+0000] {taskinstance.py:2191} INFO - Executing <Task(_PythonDecoratedOperator): gerar_csv_teste> on 2026-02-06 00:00:00+00:00
[2026-02-06T21:28:19.646+0000] {standard_task_runner.py:60} INFO - Started process 694 to run task
[2026-02-06T21:28:19.650+0000] {standard_task_runner.py:87} INFO - Running: ['***', 'tasks', 'run', 'dag_teste_sem_api', 'gerar_csv_teste', 'scheduled__2026-02-06T00:00:00+00:00', '--job-id', '1721', '--raw', '--subdir', 'DAGS_FOLDER/dag-testedetalhado.py', '--cfg-path', '/tmp/tmpby8e7vof']
[2026-02-06T21:28:19.653+0000] {standard_task_runner.py:88} INFO - Job 1721: Subtask gerar_csv_teste
[2026-02-06T21:28:19.699+0000] {task_command.py:423} INFO - Running <TaskInstance: dag_teste_sem_api.gerar_csv_teste scheduled__2026-02-06T00:00:00+00:00 [running]> on host 4347bbfe384f
[2026-02-06T21:28:19.759+0000] {taskinstance.py:2480} INFO - Exporting env vars: AIRFLOW_CTX_DAG_OWNER='***' AIRFLOW_CTX_DAG_ID='dag_teste_sem_api' AIRFLOW_CTX_TASK_ID='gerar_csv_teste' AIRFLOW_CTX_EXECUTION_DATE='2026-02-06T00:00:00+00:00' AIRFLOW_CTX_TRY_NUMBER='1' AIRFLOW_CTX_DAG_RUN_ID='scheduled__2026-02-06T00:00:00+00:00'
[2026-02-06T21:28:19.761+0000] {taskinstance.py:2698} ERROR - Task failed with exception
Traceback (most recent call last):
  File "/home/airflow/.local/lib/python3.10/site-packages/airflow/models/taskinstance.py", line 433, in _execute_task
    result = execute_callable(context=context, **execute_callable_kwargs)
  File "/home/airflow/.local/lib/python3.10/site-packages/airflow/decorators/base.py", line 241, in execute
    return_value = super().execute(context)
  File "/home/airflow/.local/lib/python3.10/site-packages/airflow/operators/python.py", line 199, in execute
    return_value = self.execute_callable()
  File "/home/airflow/.local/lib/python3.10/site-packages/airflow/operators/python.py", line 216, in execute_callable
    return self.python_callable(*self.op_args, **self.op_kwargs)
  File "/opt/airflow/dags/dag-testedetalhado.py", line 16, in gerar_csv_teste
    Path("/opt/airflow/data/testedags").mkdir(parents=True, exist_ok=True)
  File "/usr/local/lib/python3.10/pathlib.py", line 1175, in mkdir
    self._accessor.mkdir(self, mode)
PermissionError: [Errno 13] Permission denied: '/opt/airflow/data/testedags'
[2026-02-06T21:28:19.768+0000] {taskinstance.py:1138} INFO - Marking task as FAILED. dag_id=dag_teste_sem_api, task_id=gerar_csv_teste, execution_date=20260206T000000, start_date=20260206T212819, end_date=20260206T212819
[2026-02-06T21:28:19.776+0000] {standard_task_runner.py:107} ERROR - Failed to execute job 1721 for task gerar_csv_teste ([Errno 13] Permission denied: '/opt/airflow/data/testedags'; 694)
[2026-02-06T21:28:19.822+0000] {local_task_job_runner.py:234} INFO - Task exited with return code 1
[2026-02-06T21:28:19.836+0000] {taskinstance.py:3280} INFO - 0 downstream tasks scheduled from follow-on schedule check
