[2026-02-07T02:40:02.414+0000] {taskinstance.py:1956} INFO - Dependencies all met for dep_context=non-requeueable deps ti=<TaskInstance: pipeline_teste.rodar_script scheduled__2026-02-07T02:39:00+00:00 [queued]>
[2026-02-07T02:40:02.419+0000] {taskinstance.py:1956} INFO - Dependencies all met for dep_context=requeueable deps ti=<TaskInstance: pipeline_teste.rodar_script scheduled__2026-02-07T02:39:00+00:00 [queued]>
[2026-02-07T02:40:02.419+0000] {taskinstance.py:2170} INFO - Starting attempt 1 of 2
[2026-02-07T02:40:02.428+0000] {taskinstance.py:2191} INFO - Executing <Task(_PythonDecoratedOperator): rodar_script> on 2026-02-07 02:39:00+00:00
[2026-02-07T02:40:02.434+0000] {standard_task_runner.py:60} INFO - Started process 868 to run task
[2026-02-07T02:40:02.437+0000] {standard_task_runner.py:87} INFO - Running: ['***', 'tasks', 'run', 'pipeline_teste', 'rodar_script', 'scheduled__2026-02-07T02:39:00+00:00', '--job-id', '2138', '--raw', '--subdir', 'DAGS_FOLDER/dag-teste.py', '--cfg-path', '/tmp/tmpw0yktwns']
[2026-02-07T02:40:02.439+0000] {standard_task_runner.py:88} INFO - Job 2138: Subtask rodar_script
[2026-02-07T02:40:02.480+0000] {task_command.py:423} INFO - Running <TaskInstance: pipeline_teste.rodar_script scheduled__2026-02-07T02:39:00+00:00 [running]> on host bbf5f39feb62
[2026-02-07T02:40:02.542+0000] {taskinstance.py:2480} INFO - Exporting env vars: AIRFLOW_CTX_DAG_OWNER='guiandreis' AIRFLOW_CTX_DAG_ID='pipeline_teste' AIRFLOW_CTX_TASK_ID='rodar_script' AIRFLOW_CTX_EXECUTION_DATE='2026-02-07T02:39:00+00:00' AIRFLOW_CTX_TRY_NUMBER='1' AIRFLOW_CTX_DAG_RUN_ID='scheduled__2026-02-07T02:39:00+00:00'
[2026-02-07T02:40:02.965+0000] {logging_mixin.py:188} INFO - STDOUT:
[2026-02-07T02:40:02.965+0000] {logging_mixin.py:188} INFO -  
[2026-02-07T02:40:02.965+0000] {logging_mixin.py:188} INFO - STDERR:
[2026-02-07T02:40:02.965+0000] {logging_mixin.py:188} INFO -  Traceback (most recent call last):
  File "/opt/***/src/main.py", line 28, in <module>
    salvar_em_csv(df)
  File "/opt/***/src/main.py", line 18, in salvar_em_csv
    with open(arquivo_csv, mode="a", newline="", encoding="utf-8") as arquivo:
PermissionError: [Errno 13] Permission denied: '/opt/***/data/DataEngineer.csv'
[2026-02-07T02:40:02.965+0000] {taskinstance.py:2698} ERROR - Task failed with exception
Traceback (most recent call last):
  File "/home/airflow/.local/lib/python3.10/site-packages/airflow/models/taskinstance.py", line 433, in _execute_task
    result = execute_callable(context=context, **execute_callable_kwargs)
  File "/home/airflow/.local/lib/python3.10/site-packages/airflow/decorators/base.py", line 241, in execute
    return_value = super().execute(context)
  File "/home/airflow/.local/lib/python3.10/site-packages/airflow/operators/python.py", line 199, in execute
    return_value = self.execute_callable()
  File "/home/airflow/.local/lib/python3.10/site-packages/airflow/operators/python.py", line 216, in execute_callable
    return self.python_callable(*self.op_args, **self.op_kwargs)
  File "/opt/airflow/dags/dag-teste.py", line 47, in rodar_script
    raise Exception("Script main.py falhou")
Exception: Script main.py falhou
[2026-02-07T02:40:02.973+0000] {taskinstance.py:1138} INFO - Marking task as UP_FOR_RETRY. dag_id=pipeline_teste, task_id=rodar_script, execution_date=20260207T023900, start_date=20260207T024002, end_date=20260207T024002
[2026-02-07T02:40:02.982+0000] {standard_task_runner.py:107} ERROR - Failed to execute job 2138 for task rodar_script (Script main.py falhou; 868)
[2026-02-07T02:40:03.010+0000] {local_task_job_runner.py:234} INFO - Task exited with return code 1
[2026-02-07T02:40:03.025+0000] {taskinstance.py:3280} INFO - 0 downstream tasks scheduled from follow-on schedule check
[2026-02-07T02:40:23.561+0000] {taskinstance.py:1956} INFO - Dependencies all met for dep_context=non-requeueable deps ti=<TaskInstance: pipeline_teste.rodar_script scheduled__2026-02-07T02:39:00+00:00 [queued]>
[2026-02-07T02:40:23.566+0000] {taskinstance.py:1956} INFO - Dependencies all met for dep_context=requeueable deps ti=<TaskInstance: pipeline_teste.rodar_script scheduled__2026-02-07T02:39:00+00:00 [queued]>
[2026-02-07T02:40:23.567+0000] {taskinstance.py:2170} INFO - Starting attempt 1 of 2
[2026-02-07T02:40:23.574+0000] {taskinstance.py:2191} INFO - Executing <Task(_PythonDecoratedOperator): rodar_script> on 2026-02-07 02:39:00+00:00
[2026-02-07T02:40:23.580+0000] {standard_task_runner.py:60} INFO - Started process 890 to run task
[2026-02-07T02:40:23.583+0000] {standard_task_runner.py:87} INFO - Running: ['***', 'tasks', 'run', 'pipeline_teste', 'rodar_script', 'scheduled__2026-02-07T02:39:00+00:00', '--job-id', '2139', '--raw', '--subdir', 'DAGS_FOLDER/dag-teste.py', '--cfg-path', '/tmp/tmpkr5bnjaz']
[2026-02-07T02:40:23.585+0000] {standard_task_runner.py:88} INFO - Job 2139: Subtask rodar_script
[2026-02-07T02:40:23.652+0000] {task_command.py:423} INFO - Running <TaskInstance: pipeline_teste.rodar_script scheduled__2026-02-07T02:39:00+00:00 [running]> on host bbf5f39feb62
[2026-02-07T02:40:23.719+0000] {taskinstance.py:2480} INFO - Exporting env vars: AIRFLOW_CTX_DAG_OWNER='guiandreis' AIRFLOW_CTX_DAG_ID='pipeline_teste' AIRFLOW_CTX_TASK_ID='rodar_script' AIRFLOW_CTX_EXECUTION_DATE='2026-02-07T02:39:00+00:00' AIRFLOW_CTX_TRY_NUMBER='1' AIRFLOW_CTX_DAG_RUN_ID='scheduled__2026-02-07T02:39:00+00:00'
[2026-02-07T02:40:24.110+0000] {logging_mixin.py:188} INFO - STDOUT:
[2026-02-07T02:40:24.110+0000] {logging_mixin.py:188} INFO -  
[2026-02-07T02:40:24.110+0000] {logging_mixin.py:188} INFO - STDERR:
[2026-02-07T02:40:24.111+0000] {logging_mixin.py:188} INFO -  Traceback (most recent call last):
  File "/opt/***/src/main.py", line 28, in <module>
    salvar_em_csv(df)
  File "/opt/***/src/main.py", line 18, in salvar_em_csv
    with open(arquivo_csv, mode="a", newline="", encoding="utf-8") as arquivo:
PermissionError: [Errno 13] Permission denied: '/opt/***/data/DataEngineer.csv'
[2026-02-07T02:40:24.111+0000] {taskinstance.py:2698} ERROR - Task failed with exception
Traceback (most recent call last):
  File "/home/airflow/.local/lib/python3.10/site-packages/airflow/models/taskinstance.py", line 433, in _execute_task
    result = execute_callable(context=context, **execute_callable_kwargs)
  File "/home/airflow/.local/lib/python3.10/site-packages/airflow/decorators/base.py", line 241, in execute
    return_value = super().execute(context)
  File "/home/airflow/.local/lib/python3.10/site-packages/airflow/operators/python.py", line 199, in execute
    return_value = self.execute_callable()
  File "/home/airflow/.local/lib/python3.10/site-packages/airflow/operators/python.py", line 216, in execute_callable
    return self.python_callable(*self.op_args, **self.op_kwargs)
  File "/opt/airflow/dags/dag-teste.py", line 47, in rodar_script
    raise Exception("Script main.py falhou")
Exception: Script main.py falhou
[2026-02-07T02:40:24.123+0000] {taskinstance.py:1138} INFO - Marking task as UP_FOR_RETRY. dag_id=pipeline_teste, task_id=rodar_script, execution_date=20260207T023900, start_date=20260207T024023, end_date=20260207T024024
[2026-02-07T02:40:24.134+0000] {standard_task_runner.py:107} ERROR - Failed to execute job 2139 for task rodar_script (Script main.py falhou; 890)
[2026-02-07T02:40:24.156+0000] {local_task_job_runner.py:234} INFO - Task exited with return code 1
[2026-02-07T02:40:24.173+0000] {taskinstance.py:3280} INFO - 0 downstream tasks scheduled from follow-on schedule check
