[2026-02-06T19:07:49.045+0000] {taskinstance.py:1956} INFO - Dependencies all met for dep_context=non-requeueable deps ti=<TaskInstance: dag_teste.processar scheduled__2026-02-06T10:49:00+00:00 [queued]>
[2026-02-06T19:07:49.054+0000] {taskinstance.py:1956} INFO - Dependencies all met for dep_context=requeueable deps ti=<TaskInstance: dag_teste.processar scheduled__2026-02-06T10:49:00+00:00 [queued]>
[2026-02-06T19:07:49.054+0000] {taskinstance.py:2170} INFO - Starting attempt 1 of 1
[2026-02-06T19:07:49.083+0000] {taskinstance.py:2191} INFO - Executing <Task(_PythonDecoratedOperator): processar> on 2026-02-06 10:49:00+00:00
[2026-02-06T19:07:49.093+0000] {standard_task_runner.py:60} INFO - Started process 6175 to run task
[2026-02-06T19:07:49.105+0000] {standard_task_runner.py:87} INFO - Running: ['***', 'tasks', 'run', 'dag_teste', 'processar', 'scheduled__2026-02-06T10:49:00+00:00', '--job-id', '912', '--raw', '--subdir', 'DAGS_FOLDER/dag-teste.py', '--cfg-path', '/tmp/tmpjupxjjez']
[2026-02-06T19:07:49.107+0000] {standard_task_runner.py:88} INFO - Job 912: Subtask processar
[2026-02-06T19:07:49.196+0000] {task_command.py:423} INFO - Running <TaskInstance: dag_teste.processar scheduled__2026-02-06T10:49:00+00:00 [running]> on host 47775b6fddb5
[2026-02-06T19:07:49.296+0000] {taskinstance.py:2480} INFO - Exporting env vars: AIRFLOW_CTX_DAG_OWNER='***' AIRFLOW_CTX_DAG_ID='dag_teste' AIRFLOW_CTX_TASK_ID='processar' AIRFLOW_CTX_EXECUTION_DATE='2026-02-06T10:49:00+00:00' AIRFLOW_CTX_TRY_NUMBER='1' AIRFLOW_CTX_DAG_RUN_ID='scheduled__2026-02-06T10:49:00+00:00'
[2026-02-06T19:07:49.299+0000] {taskinstance.py:2698} ERROR - Task failed with exception
Traceback (most recent call last):
  File "/home/airflow/.local/lib/python3.10/site-packages/airflow/models/taskinstance.py", line 433, in _execute_task
    result = execute_callable(context=context, **execute_callable_kwargs)
  File "/home/airflow/.local/lib/python3.10/site-packages/airflow/decorators/base.py", line 241, in execute
    return_value = super().execute(context)
  File "/home/airflow/.local/lib/python3.10/site-packages/airflow/operators/python.py", line 199, in execute
    return_value = self.execute_callable()
  File "/home/airflow/.local/lib/python3.10/site-packages/airflow/operators/python.py", line 216, in execute_callable
    return self.python_callable(*self.op_args, **self.op_kwargs)
  File "/opt/airflow/dags/dag-teste.py", line 42, in processar
    df = pd.read_csv(path_raw)
  File "/home/airflow/.local/lib/python3.10/site-packages/pandas/io/parsers/readers.py", line 948, in read_csv
    return _read(filepath_or_buffer, kwds)
  File "/home/airflow/.local/lib/python3.10/site-packages/pandas/io/parsers/readers.py", line 611, in _read
    parser = TextFileReader(filepath_or_buffer, **kwds)
  File "/home/airflow/.local/lib/python3.10/site-packages/pandas/io/parsers/readers.py", line 1448, in __init__
    self._engine = self._make_engine(f, self.engine)
  File "/home/airflow/.local/lib/python3.10/site-packages/pandas/io/parsers/readers.py", line 1705, in _make_engine
    self.handles = get_handle(
  File "/home/airflow/.local/lib/python3.10/site-packages/pandas/io/common.py", line 863, in get_handle
    handle = open(
FileNotFoundError: [Errno 2] No such file or directory: '/home/guiandreis/airflow-tempo-projeto/data/testedags/Caxias do Sul_20260206.csv'
[2026-02-06T19:07:49.309+0000] {taskinstance.py:1138} INFO - Marking task as FAILED. dag_id=dag_teste, task_id=processar, execution_date=20260206T104900, start_date=20260206T190749, end_date=20260206T190749
[2026-02-06T19:07:49.321+0000] {standard_task_runner.py:107} ERROR - Failed to execute job 912 for task processar ([Errno 2] No such file or directory: '/home/guiandreis/airflow-tempo-projeto/data/testedags/Caxias do Sul_20260206.csv'; 6175)
[2026-02-06T19:07:49.359+0000] {local_task_job_runner.py:234} INFO - Task exited with return code 1
[2026-02-06T19:07:49.381+0000] {taskinstance.py:3280} INFO - 0 downstream tasks scheduled from follow-on schedule check
