[2026-02-06T18:49:08.946+0000] {taskinstance.py:1956} INFO - Dependencies all met for dep_context=non-requeueable deps ti=<TaskInstance: dag_teste.processar scheduled__2026-02-06T09:07:00+00:00 [queued]>
[2026-02-06T18:49:08.954+0000] {taskinstance.py:1956} INFO - Dependencies all met for dep_context=requeueable deps ti=<TaskInstance: dag_teste.processar scheduled__2026-02-06T09:07:00+00:00 [queued]>
[2026-02-06T18:49:08.954+0000] {taskinstance.py:2170} INFO - Starting attempt 1 of 1
[2026-02-06T18:49:08.966+0000] {taskinstance.py:2191} INFO - Executing <Task(_PythonDecoratedOperator): processar> on 2026-02-06 09:07:00+00:00
[2026-02-06T18:49:08.974+0000] {standard_task_runner.py:60} INFO - Started process 5076 to run task
[2026-02-06T18:49:08.978+0000] {standard_task_runner.py:87} INFO - Running: ['***', 'tasks', 'run', 'dag_teste', 'processar', 'scheduled__2026-02-06T09:07:00+00:00', '--job-id', '711', '--raw', '--subdir', 'DAGS_FOLDER/dag-teste.py', '--cfg-path', '/tmp/tmp4ozyw3mg']
[2026-02-06T18:49:08.980+0000] {standard_task_runner.py:88} INFO - Job 711: Subtask processar
[2026-02-06T18:49:09.030+0000] {task_command.py:423} INFO - Running <TaskInstance: dag_teste.processar scheduled__2026-02-06T09:07:00+00:00 [running]> on host 47775b6fddb5
[2026-02-06T18:49:09.332+0000] {taskinstance.py:2480} INFO - Exporting env vars: AIRFLOW_CTX_DAG_OWNER='***' AIRFLOW_CTX_DAG_ID='dag_teste' AIRFLOW_CTX_TASK_ID='processar' AIRFLOW_CTX_EXECUTION_DATE='2026-02-06T09:07:00+00:00' AIRFLOW_CTX_TRY_NUMBER='1' AIRFLOW_CTX_DAG_RUN_ID='scheduled__2026-02-06T09:07:00+00:00'
[2026-02-06T18:49:09.336+0000] {taskinstance.py:2698} ERROR - Task failed with exception
Traceback (most recent call last):
  File "/home/airflow/.local/lib/python3.10/site-packages/airflow/models/taskinstance.py", line 433, in _execute_task
    result = execute_callable(context=context, **execute_callable_kwargs)
  File "/home/airflow/.local/lib/python3.10/site-packages/airflow/decorators/base.py", line 241, in execute
    return_value = super().execute(context)
  File "/home/airflow/.local/lib/python3.10/site-packages/airflow/operators/python.py", line 199, in execute
    return_value = self.execute_callable()
  File "/home/airflow/.local/lib/python3.10/site-packages/airflow/operators/python.py", line 216, in execute_callable
    return self.python_callable(*self.op_args, **self.op_kwargs)
  File "/opt/airflow/dags/dag-teste.py", line 48, in processar
    df_limpo.to_csv(path_processed, index=False)
UnboundLocalError: local variable 'df_limpo' referenced before assignment
[2026-02-06T18:49:09.344+0000] {taskinstance.py:1138} INFO - Marking task as FAILED. dag_id=dag_teste, task_id=processar, execution_date=20260206T090700, start_date=20260206T184908, end_date=20260206T184909
[2026-02-06T18:49:09.352+0000] {standard_task_runner.py:107} ERROR - Failed to execute job 711 for task processar (local variable 'df_limpo' referenced before assignment; 5076)
[2026-02-06T18:49:09.391+0000] {local_task_job_runner.py:234} INFO - Task exited with return code 1
[2026-02-06T18:49:09.405+0000] {taskinstance.py:3280} INFO - 0 downstream tasks scheduled from follow-on schedule check
