[2026-02-06T19:05:59.908+0000] {taskinstance.py:1956} INFO - Dependencies all met for dep_context=non-requeueable deps ti=<TaskInstance: dag_teste.processar scheduled__2026-02-06T10:24:00+00:00 [queued]>
[2026-02-06T19:05:59.926+0000] {taskinstance.py:1956} INFO - Dependencies all met for dep_context=requeueable deps ti=<TaskInstance: dag_teste.processar scheduled__2026-02-06T10:24:00+00:00 [queued]>
[2026-02-06T19:05:59.927+0000] {taskinstance.py:2170} INFO - Starting attempt 1 of 1
[2026-02-06T19:05:59.958+0000] {taskinstance.py:2191} INFO - Executing <Task(_PythonDecoratedOperator): processar> on 2026-02-06 10:24:00+00:00
[2026-02-06T19:05:59.992+0000] {standard_task_runner.py:60} INFO - Started process 5990 to run task
[2026-02-06T19:06:00.011+0000] {standard_task_runner.py:87} INFO - Running: ['***', 'tasks', 'run', 'dag_teste', 'processar', 'scheduled__2026-02-06T10:24:00+00:00', '--job-id', '861', '--raw', '--subdir', 'DAGS_FOLDER/dag-teste.py', '--cfg-path', '/tmp/tmpgx2ank4b']
[2026-02-06T19:06:00.017+0000] {standard_task_runner.py:88} INFO - Job 861: Subtask processar
[2026-02-06T19:06:00.122+0000] {task_command.py:423} INFO - Running <TaskInstance: dag_teste.processar scheduled__2026-02-06T10:24:00+00:00 [running]> on host 47775b6fddb5
[2026-02-06T19:06:00.375+0000] {taskinstance.py:2480} INFO - Exporting env vars: AIRFLOW_CTX_DAG_OWNER='***' AIRFLOW_CTX_DAG_ID='dag_teste' AIRFLOW_CTX_TASK_ID='processar' AIRFLOW_CTX_EXECUTION_DATE='2026-02-06T10:24:00+00:00' AIRFLOW_CTX_TRY_NUMBER='1' AIRFLOW_CTX_DAG_RUN_ID='scheduled__2026-02-06T10:24:00+00:00'
[2026-02-06T19:06:00.384+0000] {taskinstance.py:2698} ERROR - Task failed with exception
Traceback (most recent call last):
  File "/home/airflow/.local/lib/python3.10/site-packages/airflow/models/taskinstance.py", line 433, in _execute_task
    result = execute_callable(context=context, **execute_callable_kwargs)
  File "/home/airflow/.local/lib/python3.10/site-packages/airflow/decorators/base.py", line 241, in execute
    return_value = super().execute(context)
  File "/home/airflow/.local/lib/python3.10/site-packages/airflow/operators/python.py", line 199, in execute
    return_value = self.execute_callable()
  File "/home/airflow/.local/lib/python3.10/site-packages/airflow/operators/python.py", line 216, in execute_callable
    return self.python_callable(*self.op_args, **self.op_kwargs)
  File "/opt/airflow/dags/dag-teste.py", line 41, in processar
    df = pd.read_csv(path_raw)
  File "/home/airflow/.local/lib/python3.10/site-packages/pandas/io/parsers/readers.py", line 948, in read_csv
    return _read(filepath_or_buffer, kwds)
  File "/home/airflow/.local/lib/python3.10/site-packages/pandas/io/parsers/readers.py", line 611, in _read
    parser = TextFileReader(filepath_or_buffer, **kwds)
  File "/home/airflow/.local/lib/python3.10/site-packages/pandas/io/parsers/readers.py", line 1448, in __init__
    self._engine = self._make_engine(f, self.engine)
  File "/home/airflow/.local/lib/python3.10/site-packages/pandas/io/parsers/readers.py", line 1705, in _make_engine
    self.handles = get_handle(
  File "/home/airflow/.local/lib/python3.10/site-packages/pandas/io/common.py", line 863, in get_handle
    handle = open(
FileNotFoundError: [Errno 2] No such file or directory: '/home/guiandreis/airflow-tempo-projeto/data/testedags/Caxias do Sul_20260206.csv'
[2026-02-06T19:06:00.407+0000] {taskinstance.py:1138} INFO - Marking task as FAILED. dag_id=dag_teste, task_id=processar, execution_date=20260206T102400, start_date=20260206T190559, end_date=20260206T190600
[2026-02-06T19:06:00.431+0000] {standard_task_runner.py:107} ERROR - Failed to execute job 861 for task processar ([Errno 2] No such file or directory: '/home/guiandreis/airflow-tempo-projeto/data/testedags/Caxias do Sul_20260206.csv'; 5990)
[2026-02-06T19:06:00.474+0000] {local_task_job_runner.py:234} INFO - Task exited with return code 1
[2026-02-06T19:06:00.524+0000] {taskinstance.py:3280} INFO - 0 downstream tasks scheduled from follow-on schedule check
