[2026-02-06T18:13:49.309+0000] {taskinstance.py:1956} INFO - Dependencies all met for dep_context=non-requeueable deps ti=<TaskInstance: dag_teste.extrair_dados scheduled__2026-02-06T02:36:00+00:00 [queued]>
[2026-02-06T18:13:49.317+0000] {taskinstance.py:1956} INFO - Dependencies all met for dep_context=requeueable deps ti=<TaskInstance: dag_teste.extrair_dados scheduled__2026-02-06T02:36:00+00:00 [queued]>
[2026-02-06T18:13:49.317+0000] {taskinstance.py:2170} INFO - Starting attempt 1 of 1
[2026-02-06T18:13:49.333+0000] {taskinstance.py:2191} INFO - Executing <Task(_PythonDecoratedOperator): extrair_dados> on 2026-02-06 02:36:00+00:00
[2026-02-06T18:13:49.345+0000] {standard_task_runner.py:60} INFO - Started process 808 to run task
[2026-02-06T18:13:49.353+0000] {standard_task_runner.py:87} INFO - Running: ['***', 'tasks', 'run', 'dag_teste', 'extrair_dados', 'scheduled__2026-02-06T02:36:00+00:00', '--job-id', '171', '--raw', '--subdir', 'DAGS_FOLDER/dag-teste.py', '--cfg-path', '/tmp/tmp_pau4hwx']
[2026-02-06T18:13:49.356+0000] {standard_task_runner.py:88} INFO - Job 171: Subtask extrair_dados
[2026-02-06T18:13:49.419+0000] {task_command.py:423} INFO - Running <TaskInstance: dag_teste.extrair_dados scheduled__2026-02-06T02:36:00+00:00 [running]> on host 47775b6fddb5
[2026-02-06T18:13:49.494+0000] {taskinstance.py:2480} INFO - Exporting env vars: AIRFLOW_CTX_DAG_OWNER='***' AIRFLOW_CTX_DAG_ID='dag_teste' AIRFLOW_CTX_TASK_ID='extrair_dados' AIRFLOW_CTX_EXECUTION_DATE='2026-02-06T02:36:00+00:00' AIRFLOW_CTX_TRY_NUMBER='1' AIRFLOW_CTX_DAG_RUN_ID='scheduled__2026-02-06T02:36:00+00:00'
[2026-02-06T18:13:49.532+0000] {taskinstance.py:2698} ERROR - Task failed with exception
Traceback (most recent call last):
  File "/home/airflow/.local/lib/python3.10/site-packages/airflow/models/taskinstance.py", line 433, in _execute_task
    result = execute_callable(context=context, **execute_callable_kwargs)
  File "/home/airflow/.local/lib/python3.10/site-packages/airflow/decorators/base.py", line 241, in execute
    return_value = super().execute(context)
  File "/home/airflow/.local/lib/python3.10/site-packages/airflow/operators/python.py", line 199, in execute
    return_value = self.execute_callable()
  File "/home/airflow/.local/lib/python3.10/site-packages/airflow/operators/python.py", line 216, in execute_callable
    return self.python_callable(*self.op_args, **self.op_kwargs)
  File "/opt/airflow/dags/dag-teste.py", line 31, in extrair_dados
    df = pd.read_csv(url)
  File "/home/airflow/.local/lib/python3.10/site-packages/pandas/io/parsers/readers.py", line 948, in read_csv
    return _read(filepath_or_buffer, kwds)
  File "/home/airflow/.local/lib/python3.10/site-packages/pandas/io/parsers/readers.py", line 611, in _read
    parser = TextFileReader(filepath_or_buffer, **kwds)
  File "/home/airflow/.local/lib/python3.10/site-packages/pandas/io/parsers/readers.py", line 1448, in __init__
    self._engine = self._make_engine(f, self.engine)
  File "/home/airflow/.local/lib/python3.10/site-packages/pandas/io/parsers/readers.py", line 1705, in _make_engine
    self.handles = get_handle(
  File "/home/airflow/.local/lib/python3.10/site-packages/pandas/io/common.py", line 718, in get_handle
    ioargs = _get_filepath_or_buffer(
  File "/home/airflow/.local/lib/python3.10/site-packages/pandas/io/common.py", line 372, in _get_filepath_or_buffer
    with urlopen(req_info) as req:
  File "/home/airflow/.local/lib/python3.10/site-packages/pandas/io/common.py", line 274, in urlopen
    return urllib.request.urlopen(*args, **kwargs)
  File "/usr/local/lib/python3.10/urllib/request.py", line 216, in urlopen
    return opener.open(url, data, timeout)
  File "/usr/local/lib/python3.10/urllib/request.py", line 519, in open
    response = self._open(req, data)
  File "/usr/local/lib/python3.10/urllib/request.py", line 536, in _open
    result = self._call_chain(self.handle_open, protocol, protocol +
  File "/usr/local/lib/python3.10/urllib/request.py", line 496, in _call_chain
    result = func(*args)
  File "/usr/local/lib/python3.10/urllib/request.py", line 1391, in https_open
    return self.do_open(http.client.HTTPSConnection, req,
  File "/usr/local/lib/python3.10/urllib/request.py", line 1348, in do_open
    h.request(req.get_method(), req.selector, req.data, headers,
  File "/usr/local/lib/python3.10/http/client.py", line 1283, in request
    self._send_request(method, url, body, headers, encode_chunked)
  File "/usr/local/lib/python3.10/http/client.py", line 1294, in _send_request
    self.putrequest(method, url, **skips)
  File "/usr/local/lib/python3.10/http/client.py", line 1128, in putrequest
    self._validate_path(url)
  File "/usr/local/lib/python3.10/http/client.py", line 1228, in _validate_path
    raise InvalidURL(f"URL can't contain control characters. {url!r} "
http.client.InvalidURL: URL can't contain control characters. '/VisualCrossingWebServices/rest/services/timeline/Caxias do Sul/2026-02-05 00:00:00+00:00/2026-02-06?unitGroup=metric&include=days&key=46XGYJKA5N92NZXKXYKM73MWN&contentType=csv' (found at least ' ')
[2026-02-06T18:13:49.541+0000] {taskinstance.py:1138} INFO - Marking task as FAILED. dag_id=dag_teste, task_id=extrair_dados, execution_date=20260206T023600, start_date=20260206T181349, end_date=20260206T181349
[2026-02-06T18:13:49.551+0000] {standard_task_runner.py:107} ERROR - Failed to execute job 171 for task extrair_dados (URL can't contain control characters. '/VisualCrossingWebServices/rest/services/timeline/Caxias do Sul/2026-02-05 00:00:00+00:00/2026-02-06?unitGroup=metric&include=days&key=46XGYJKA5N92NZXKXYKM73MWN&contentType=csv' (found at least ' '); 808)
[2026-02-06T18:13:49.566+0000] {local_task_job_runner.py:234} INFO - Task exited with return code 1
[2026-02-06T18:13:49.581+0000] {taskinstance.py:3280} INFO - 0 downstream tasks scheduled from follow-on schedule check
