[2026-02-06T19:28:23.270+0000] {taskinstance.py:1956} INFO - Dependencies all met for dep_context=non-requeueable deps ti=<TaskInstance: dag_teste.extrair_dados scheduled__2026-02-06T15:00:00+00:00 [queued]>
[2026-02-06T19:28:23.278+0000] {taskinstance.py:1956} INFO - Dependencies all met for dep_context=requeueable deps ti=<TaskInstance: dag_teste.extrair_dados scheduled__2026-02-06T15:00:00+00:00 [queued]>
[2026-02-06T19:28:23.278+0000] {taskinstance.py:2170} INFO - Starting attempt 1 of 1
[2026-02-06T19:28:23.321+0000] {taskinstance.py:2191} INFO - Executing <Task(_PythonDecoratedOperator): extrair_dados> on 2026-02-06 15:00:00+00:00
[2026-02-06T19:28:23.330+0000] {standard_task_runner.py:60} INFO - Started process 7795 to run task
[2026-02-06T19:28:23.334+0000] {standard_task_runner.py:87} INFO - Running: ['***', 'tasks', 'run', 'dag_teste', 'extrair_dados', 'scheduled__2026-02-06T15:00:00+00:00', '--job-id', '1300', '--raw', '--subdir', 'DAGS_FOLDER/dag-teste.py', '--cfg-path', '/tmp/tmpe8gq5fle']
[2026-02-06T19:28:23.336+0000] {standard_task_runner.py:88} INFO - Job 1300: Subtask extrair_dados
[2026-02-06T19:28:23.394+0000] {task_command.py:423} INFO - Running <TaskInstance: dag_teste.extrair_dados scheduled__2026-02-06T15:00:00+00:00 [running]> on host 47775b6fddb5
[2026-02-06T19:28:23.493+0000] {taskinstance.py:2480} INFO - Exporting env vars: AIRFLOW_CTX_DAG_OWNER='***' AIRFLOW_CTX_DAG_ID='dag_teste' AIRFLOW_CTX_TASK_ID='extrair_dados' AIRFLOW_CTX_EXECUTION_DATE='2026-02-06T15:00:00+00:00' AIRFLOW_CTX_TRY_NUMBER='1' AIRFLOW_CTX_DAG_RUN_ID='scheduled__2026-02-06T15:00:00+00:00'
[2026-02-06T19:28:23.920+0000] {taskinstance.py:2698} ERROR - Task failed with exception
Traceback (most recent call last):
  File "/home/airflow/.local/lib/python3.10/site-packages/airflow/models/taskinstance.py", line 433, in _execute_task
    result = execute_callable(context=context, **execute_callable_kwargs)
  File "/home/airflow/.local/lib/python3.10/site-packages/airflow/decorators/base.py", line 241, in execute
    return_value = super().execute(context)
  File "/home/airflow/.local/lib/python3.10/site-packages/airflow/operators/python.py", line 199, in execute
    return_value = self.execute_callable()
  File "/home/airflow/.local/lib/python3.10/site-packages/airflow/operators/python.py", line 216, in execute_callable
    return self.python_callable(*self.op_args, **self.op_kwargs)
  File "/opt/airflow/dags/dag-teste.py", line 37, in extrair_dados
    df = pd.read_csv(url)
  File "/home/airflow/.local/lib/python3.10/site-packages/pandas/io/parsers/readers.py", line 948, in read_csv
    return _read(filepath_or_buffer, kwds)
  File "/home/airflow/.local/lib/python3.10/site-packages/pandas/io/parsers/readers.py", line 611, in _read
    parser = TextFileReader(filepath_or_buffer, **kwds)
  File "/home/airflow/.local/lib/python3.10/site-packages/pandas/io/parsers/readers.py", line 1448, in __init__
    self._engine = self._make_engine(f, self.engine)
  File "/home/airflow/.local/lib/python3.10/site-packages/pandas/io/parsers/readers.py", line 1705, in _make_engine
    self.handles = get_handle(
  File "/home/airflow/.local/lib/python3.10/site-packages/pandas/io/common.py", line 718, in get_handle
    ioargs = _get_filepath_or_buffer(
  File "/home/airflow/.local/lib/python3.10/site-packages/pandas/io/common.py", line 372, in _get_filepath_or_buffer
    with urlopen(req_info) as req:
  File "/home/airflow/.local/lib/python3.10/site-packages/pandas/io/common.py", line 274, in urlopen
    return urllib.request.urlopen(*args, **kwargs)
  File "/usr/local/lib/python3.10/urllib/request.py", line 216, in urlopen
    return opener.open(url, data, timeout)
  File "/usr/local/lib/python3.10/urllib/request.py", line 525, in open
    response = meth(req, response)
  File "/usr/local/lib/python3.10/urllib/request.py", line 634, in http_response
    response = self.parent.error(
  File "/usr/local/lib/python3.10/urllib/request.py", line 563, in error
    return self._call_chain(*args)
  File "/usr/local/lib/python3.10/urllib/request.py", line 496, in _call_chain
    result = func(*args)
  File "/usr/local/lib/python3.10/urllib/request.py", line 643, in http_error_default
    raise HTTPError(req.full_url, code, msg, hdrs, fp)
urllib.error.HTTPError: HTTP Error 429: 
[2026-02-06T19:28:23.932+0000] {taskinstance.py:1138} INFO - Marking task as FAILED. dag_id=dag_teste, task_id=extrair_dados, execution_date=20260206T150000, start_date=20260206T192823, end_date=20260206T192823
[2026-02-06T19:28:23.974+0000] {standard_task_runner.py:107} ERROR - Failed to execute job 1300 for task extrair_dados (HTTP Error 429: ; 7795)
[2026-02-06T19:28:24.030+0000] {local_task_job_runner.py:234} INFO - Task exited with return code 1
[2026-02-06T19:28:24.123+0000] {taskinstance.py:3280} INFO - 0 downstream tasks scheduled from follow-on schedule check
