[2026-02-06T21:31:10.599+0000] {taskinstance.py:1956} INFO - Dependencies all met for dep_context=non-requeueable deps ti=<TaskInstance: dag_teste_sem.gerar_csv_teste scheduled__2026-02-06T00:00:00+00:00 [queued]>
[2026-02-06T21:31:10.603+0000] {taskinstance.py:1956} INFO - Dependencies all met for dep_context=requeueable deps ti=<TaskInstance: dag_teste_sem.gerar_csv_teste scheduled__2026-02-06T00:00:00+00:00 [queued]>
[2026-02-06T21:31:10.604+0000] {taskinstance.py:2170} INFO - Starting attempt 1 of 1
[2026-02-06T21:31:10.611+0000] {taskinstance.py:2191} INFO - Executing <Task(_PythonDecoratedOperator): gerar_csv_teste> on 2026-02-06 00:00:00+00:00
[2026-02-06T21:31:10.619+0000] {standard_task_runner.py:60} INFO - Started process 788 to run task
[2026-02-06T21:31:10.622+0000] {standard_task_runner.py:87} INFO - Running: ['***', 'tasks', 'run', 'dag_teste_sem', 'gerar_csv_teste', 'scheduled__2026-02-06T00:00:00+00:00', '--job-id', '1722', '--raw', '--subdir', 'DAGS_FOLDER/dag-testedetalhado.py', '--cfg-path', '/tmp/tmp2jeo_94g']
[2026-02-06T21:31:10.624+0000] {standard_task_runner.py:88} INFO - Job 1722: Subtask gerar_csv_teste
[2026-02-06T21:31:10.671+0000] {task_command.py:423} INFO - Running <TaskInstance: dag_teste_sem.gerar_csv_teste scheduled__2026-02-06T00:00:00+00:00 [running]> on host 4347bbfe384f
[2026-02-06T21:31:10.726+0000] {taskinstance.py:2480} INFO - Exporting env vars: AIRFLOW_CTX_DAG_OWNER='***' AIRFLOW_CTX_DAG_ID='dag_teste_sem' AIRFLOW_CTX_TASK_ID='gerar_csv_teste' AIRFLOW_CTX_EXECUTION_DATE='2026-02-06T00:00:00+00:00' AIRFLOW_CTX_TRY_NUMBER='1' AIRFLOW_CTX_DAG_RUN_ID='scheduled__2026-02-06T00:00:00+00:00'
[2026-02-06T21:31:10.736+0000] {taskinstance.py:2698} ERROR - Task failed with exception
Traceback (most recent call last):
  File "/home/airflow/.local/lib/python3.10/site-packages/airflow/models/taskinstance.py", line 433, in _execute_task
    result = execute_callable(context=context, **execute_callable_kwargs)
  File "/home/airflow/.local/lib/python3.10/site-packages/airflow/decorators/base.py", line 241, in execute
    return_value = super().execute(context)
  File "/home/airflow/.local/lib/python3.10/site-packages/airflow/operators/python.py", line 199, in execute
    return_value = self.execute_callable()
  File "/home/airflow/.local/lib/python3.10/site-packages/airflow/operators/python.py", line 216, in execute_callable
    return self.python_callable(*self.op_args, **self.op_kwargs)
  File "/opt/airflow/dags/dag-testedetalhado.py", line 23, in gerar_csv_teste
    df.to_csv(file_path, index=False)
  File "/home/airflow/.local/lib/python3.10/site-packages/pandas/core/generic.py", line 3902, in to_csv
    return DataFrameRenderer(formatter).to_csv(
  File "/home/airflow/.local/lib/python3.10/site-packages/pandas/io/formats/format.py", line 1152, in to_csv
    csv_formatter.save()
  File "/home/airflow/.local/lib/python3.10/site-packages/pandas/io/formats/csvs.py", line 247, in save
    with get_handle(
  File "/home/airflow/.local/lib/python3.10/site-packages/pandas/io/common.py", line 739, in get_handle
    check_parent_directory(str(handle))
  File "/home/airflow/.local/lib/python3.10/site-packages/pandas/io/common.py", line 604, in check_parent_directory
    raise OSError(rf"Cannot save file into a non-existent directory: '{parent}'")
OSError: Cannot save file into a non-existent directory: '/opt/***/data/testedags'
[2026-02-06T21:31:10.747+0000] {taskinstance.py:1138} INFO - Marking task as FAILED. dag_id=dag_teste_sem, task_id=gerar_csv_teste, execution_date=20260206T000000, start_date=20260206T213110, end_date=20260206T213110
[2026-02-06T21:31:10.755+0000] {standard_task_runner.py:107} ERROR - Failed to execute job 1722 for task gerar_csv_teste (Cannot save file into a non-existent directory: '/opt/***/data/testedags'; 788)
[2026-02-06T21:31:10.795+0000] {local_task_job_runner.py:234} INFO - Task exited with return code 1
[2026-02-06T21:31:10.808+0000] {taskinstance.py:3280} INFO - 0 downstream tasks scheduled from follow-on schedule check
