[2026-02-06T19:23:42.587+0000] {taskinstance.py:1956} INFO - Dependencies all met for dep_context=non-requeueable deps ti=<TaskInstance: dag_teste.processar scheduled__2026-02-06T12:58:00+00:00 [queued]>
[2026-02-06T19:23:42.597+0000] {taskinstance.py:1956} INFO - Dependencies all met for dep_context=requeueable deps ti=<TaskInstance: dag_teste.processar scheduled__2026-02-06T12:58:00+00:00 [queued]>
[2026-02-06T19:23:42.597+0000] {taskinstance.py:2170} INFO - Starting attempt 1 of 1
[2026-02-06T19:23:42.620+0000] {taskinstance.py:2191} INFO - Executing <Task(_PythonDecoratedOperator): processar> on 2026-02-06 12:58:00+00:00
[2026-02-06T19:23:42.644+0000] {standard_task_runner.py:60} INFO - Started process 7349 to run task
[2026-02-06T19:23:42.650+0000] {standard_task_runner.py:87} INFO - Running: ['***', 'tasks', 'run', 'dag_teste', 'processar', 'scheduled__2026-02-06T12:58:00+00:00', '--job-id', '1182', '--raw', '--subdir', 'DAGS_FOLDER/dag-teste.py', '--cfg-path', '/tmp/tmplv8dz6c1']
[2026-02-06T19:23:42.654+0000] {standard_task_runner.py:88} INFO - Job 1182: Subtask processar
[2026-02-06T19:23:42.776+0000] {task_command.py:423} INFO - Running <TaskInstance: dag_teste.processar scheduled__2026-02-06T12:58:00+00:00 [running]> on host 47775b6fddb5
[2026-02-06T19:23:42.944+0000] {taskinstance.py:2480} INFO - Exporting env vars: AIRFLOW_CTX_DAG_OWNER='***' AIRFLOW_CTX_DAG_ID='dag_teste' AIRFLOW_CTX_TASK_ID='processar' AIRFLOW_CTX_EXECUTION_DATE='2026-02-06T12:58:00+00:00' AIRFLOW_CTX_TRY_NUMBER='1' AIRFLOW_CTX_DAG_RUN_ID='scheduled__2026-02-06T12:58:00+00:00'
[2026-02-06T19:23:42.975+0000] {taskinstance.py:2698} ERROR - Task failed with exception
Traceback (most recent call last):
  File "/home/airflow/.local/lib/python3.10/site-packages/airflow/models/taskinstance.py", line 433, in _execute_task
    result = execute_callable(context=context, **execute_callable_kwargs)
  File "/home/airflow/.local/lib/python3.10/site-packages/airflow/decorators/base.py", line 241, in execute
    return_value = super().execute(context)
  File "/home/airflow/.local/lib/python3.10/site-packages/airflow/operators/python.py", line 199, in execute
    return_value = self.execute_callable()
  File "/home/airflow/.local/lib/python3.10/site-packages/airflow/operators/python.py", line 216, in execute_callable
    return self.python_callable(*self.op_args, **self.op_kwargs)
  File "/opt/airflow/dags/dag-teste.py", line 60, in processar
    df_limpo.to_csv(file_path, index =False)
  File "/home/airflow/.local/lib/python3.10/site-packages/pandas/core/generic.py", line 3902, in to_csv
    return DataFrameRenderer(formatter).to_csv(
  File "/home/airflow/.local/lib/python3.10/site-packages/pandas/io/formats/format.py", line 1152, in to_csv
    csv_formatter.save()
  File "/home/airflow/.local/lib/python3.10/site-packages/pandas/io/formats/csvs.py", line 247, in save
    with get_handle(
  File "/home/airflow/.local/lib/python3.10/site-packages/pandas/io/common.py", line 863, in get_handle
    handle = open(
PermissionError: [Errno 13] Permission denied: '/opt/airflow/data/processed/Processado.csv'
[2026-02-06T19:23:43.003+0000] {taskinstance.py:1138} INFO - Marking task as FAILED. dag_id=dag_teste, task_id=processar, execution_date=20260206T125800, start_date=20260206T192342, end_date=20260206T192343
[2026-02-06T19:23:43.431+0000] {standard_task_runner.py:107} ERROR - Failed to execute job 1182 for task processar ([Errno 13] Permission denied: '/opt/airflow/data/processed/Processado.csv'; 7349)
[2026-02-06T19:23:43.492+0000] {local_task_job_runner.py:234} INFO - Task exited with return code 1
[2026-02-06T19:23:43.523+0000] {taskinstance.py:3280} INFO - 0 downstream tasks scheduled from follow-on schedule check
