[2026-02-06T18:15:50.295+0000] {taskinstance.py:1956} INFO - Dependencies all met for dep_context=non-requeueable deps ti=<TaskInstance: dag_teste.extrair_dados scheduled__2026-02-06T03:26:00+00:00 [queued]>
[2026-02-06T18:15:50.302+0000] {taskinstance.py:1956} INFO - Dependencies all met for dep_context=requeueable deps ti=<TaskInstance: dag_teste.extrair_dados scheduled__2026-02-06T03:26:00+00:00 [queued]>
[2026-02-06T18:15:50.302+0000] {taskinstance.py:2170} INFO - Starting attempt 1 of 1
[2026-02-06T18:15:50.314+0000] {taskinstance.py:2191} INFO - Executing <Task(_PythonDecoratedOperator): extrair_dados> on 2026-02-06 03:26:00+00:00
[2026-02-06T18:15:50.324+0000] {standard_task_runner.py:60} INFO - Started process 1010 to run task
[2026-02-06T18:15:50.329+0000] {standard_task_runner.py:87} INFO - Running: ['***', 'tasks', 'run', 'dag_teste', 'extrair_dados', 'scheduled__2026-02-06T03:26:00+00:00', '--job-id', '221', '--raw', '--subdir', 'DAGS_FOLDER/dag-teste.py', '--cfg-path', '/tmp/tmpy6fz2f1c']
[2026-02-06T18:15:50.332+0000] {standard_task_runner.py:88} INFO - Job 221: Subtask extrair_dados
[2026-02-06T18:15:50.387+0000] {task_command.py:423} INFO - Running <TaskInstance: dag_teste.extrair_dados scheduled__2026-02-06T03:26:00+00:00 [running]> on host 47775b6fddb5
[2026-02-06T18:15:50.534+0000] {taskinstance.py:2480} INFO - Exporting env vars: AIRFLOW_CTX_DAG_OWNER='***' AIRFLOW_CTX_DAG_ID='dag_teste' AIRFLOW_CTX_TASK_ID='extrair_dados' AIRFLOW_CTX_EXECUTION_DATE='2026-02-06T03:26:00+00:00' AIRFLOW_CTX_TRY_NUMBER='1' AIRFLOW_CTX_DAG_RUN_ID='scheduled__2026-02-06T03:26:00+00:00'
[2026-02-06T18:15:50.542+0000] {taskinstance.py:2698} ERROR - Task failed with exception
Traceback (most recent call last):
  File "/home/airflow/.local/lib/python3.10/site-packages/airflow/models/taskinstance.py", line 433, in _execute_task
    result = execute_callable(context=context, **execute_callable_kwargs)
  File "/home/airflow/.local/lib/python3.10/site-packages/airflow/decorators/base.py", line 241, in execute
    return_value = super().execute(context)
  File "/home/airflow/.local/lib/python3.10/site-packages/airflow/operators/python.py", line 199, in execute
    return_value = self.execute_callable()
  File "/home/airflow/.local/lib/python3.10/site-packages/airflow/operators/python.py", line 216, in execute_callable
    return self.python_callable(*self.op_args, **self.op_kwargs)
  File "/opt/airflow/dags/dag-teste.py", line 25, in extrair_dados
    url = f'https://weather.visualcrossing.com/VisualCrossingWebServices/rest/services/timeline/{city_encoded}/{data_inicio}/{data_fim}?unitGroup=metric&include=days&key={VISUAL_CROSSING_KEY}&contentType=csv'
NameError: name 'data_inicio' is not defined
[2026-02-06T18:15:50.559+0000] {taskinstance.py:1138} INFO - Marking task as FAILED. dag_id=dag_teste, task_id=extrair_dados, execution_date=20260206T032600, start_date=20260206T181550, end_date=20260206T181550
[2026-02-06T18:15:50.580+0000] {standard_task_runner.py:107} ERROR - Failed to execute job 221 for task extrair_dados (name 'data_inicio' is not defined; 1010)
[2026-02-06T18:15:50.631+0000] {local_task_job_runner.py:234} INFO - Task exited with return code 1
[2026-02-06T18:15:50.653+0000] {taskinstance.py:3280} INFO - 0 downstream tasks scheduled from follow-on schedule check
