[2026-02-06T20:59:31.868+0000] {taskinstance.py:1956} INFO - Dependencies all met for dep_context=non-requeueable deps ti=<TaskInstance: dag_teste.extrair_dados scheduled__2026-02-06T18:33:00+00:00 [queued]>
[2026-02-06T20:59:31.875+0000] {taskinstance.py:1956} INFO - Dependencies all met for dep_context=requeueable deps ti=<TaskInstance: dag_teste.extrair_dados scheduled__2026-02-06T18:33:00+00:00 [queued]>
[2026-02-06T20:59:31.875+0000] {taskinstance.py:2170} INFO - Starting attempt 1 of 1
[2026-02-06T20:59:31.898+0000] {taskinstance.py:2191} INFO - Executing <Task(_PythonDecoratedOperator): extrair_dados> on 2026-02-06 18:33:00+00:00
[2026-02-06T20:59:31.906+0000] {standard_task_runner.py:60} INFO - Started process 8531 to run task
[2026-02-06T20:59:31.908+0000] {standard_task_runner.py:87} INFO - Running: ['***', 'tasks', 'run', 'dag_teste', 'extrair_dados', 'scheduled__2026-02-06T18:33:00+00:00', '--job-id', '1513', '--raw', '--subdir', 'DAGS_FOLDER/dag-teste.py', '--cfg-path', '/tmp/tmpja2b8lfo']
[2026-02-06T20:59:31.910+0000] {standard_task_runner.py:88} INFO - Job 1513: Subtask extrair_dados
[2026-02-06T20:59:31.958+0000] {task_command.py:423} INFO - Running <TaskInstance: dag_teste.extrair_dados scheduled__2026-02-06T18:33:00+00:00 [running]> on host 47775b6fddb5
[2026-02-06T20:59:32.030+0000] {taskinstance.py:2480} INFO - Exporting env vars: AIRFLOW_CTX_DAG_OWNER='***' AIRFLOW_CTX_DAG_ID='dag_teste' AIRFLOW_CTX_TASK_ID='extrair_dados' AIRFLOW_CTX_EXECUTION_DATE='2026-02-06T18:33:00+00:00' AIRFLOW_CTX_TRY_NUMBER='1' AIRFLOW_CTX_DAG_RUN_ID='scheduled__2026-02-06T18:33:00+00:00'
[2026-02-06T20:59:32.062+0000] {taskinstance.py:2698} ERROR - Task failed with exception
Traceback (most recent call last):
  File "/usr/local/lib/python3.10/urllib/request.py", line 1348, in do_open
    h.request(req.get_method(), req.selector, req.data, headers,
  File "/usr/local/lib/python3.10/http/client.py", line 1283, in request
    self._send_request(method, url, body, headers, encode_chunked)
  File "/usr/local/lib/python3.10/http/client.py", line 1329, in _send_request
    self.endheaders(body, encode_chunked=encode_chunked)
  File "/usr/local/lib/python3.10/http/client.py", line 1278, in endheaders
    self._send_output(message_body, encode_chunked=encode_chunked)
  File "/usr/local/lib/python3.10/http/client.py", line 1038, in _send_output
    self.send(msg)
  File "/usr/local/lib/python3.10/http/client.py", line 976, in send
    self.connect()
  File "/usr/local/lib/python3.10/http/client.py", line 1448, in connect
    super().connect()
  File "/usr/local/lib/python3.10/http/client.py", line 942, in connect
    self.sock = self._create_connection(
  File "/usr/local/lib/python3.10/socket.py", line 824, in create_connection
    for res in getaddrinfo(host, port, 0, SOCK_STREAM):
  File "/usr/local/lib/python3.10/socket.py", line 955, in getaddrinfo
    for res in _socket.getaddrinfo(host, port, family, type, proto, flags):
socket.gaierror: [Errno -2] Name or service not known

During handling of the above exception, another exception occurred:

Traceback (most recent call last):
  File "/home/airflow/.local/lib/python3.10/site-packages/airflow/models/taskinstance.py", line 433, in _execute_task
    result = execute_callable(context=context, **execute_callable_kwargs)
  File "/home/airflow/.local/lib/python3.10/site-packages/airflow/decorators/base.py", line 241, in execute
    return_value = super().execute(context)
  File "/home/airflow/.local/lib/python3.10/site-packages/airflow/operators/python.py", line 199, in execute
    return_value = self.execute_callable()
  File "/home/airflow/.local/lib/python3.10/site-packages/airflow/operators/python.py", line 216, in execute_callable
    return self.python_callable(*self.op_args, **self.op_kwargs)
  File "/opt/airflow/dags/dag-teste.py", line 37, in extrair_dados
    df = pd.read_csv(url)
  File "/home/airflow/.local/lib/python3.10/site-packages/pandas/io/parsers/readers.py", line 948, in read_csv
    return _read(filepath_or_buffer, kwds)
  File "/home/airflow/.local/lib/python3.10/site-packages/pandas/io/parsers/readers.py", line 611, in _read
    parser = TextFileReader(filepath_or_buffer, **kwds)
  File "/home/airflow/.local/lib/python3.10/site-packages/pandas/io/parsers/readers.py", line 1448, in __init__
    self._engine = self._make_engine(f, self.engine)
  File "/home/airflow/.local/lib/python3.10/site-packages/pandas/io/parsers/readers.py", line 1705, in _make_engine
    self.handles = get_handle(
  File "/home/airflow/.local/lib/python3.10/site-packages/pandas/io/common.py", line 718, in get_handle
    ioargs = _get_filepath_or_buffer(
  File "/home/airflow/.local/lib/python3.10/site-packages/pandas/io/common.py", line 372, in _get_filepath_or_buffer
    with urlopen(req_info) as req:
  File "/home/airflow/.local/lib/python3.10/site-packages/pandas/io/common.py", line 274, in urlopen
    return urllib.request.urlopen(*args, **kwargs)
  File "/usr/local/lib/python3.10/urllib/request.py", line 216, in urlopen
    return opener.open(url, data, timeout)
  File "/usr/local/lib/python3.10/urllib/request.py", line 519, in open
    response = self._open(req, data)
  File "/usr/local/lib/python3.10/urllib/request.py", line 536, in _open
    result = self._call_chain(self.handle_open, protocol, protocol +
  File "/usr/local/lib/python3.10/urllib/request.py", line 496, in _call_chain
    result = func(*args)
  File "/usr/local/lib/python3.10/urllib/request.py", line 1391, in https_open
    return self.do_open(http.client.HTTPSConnection, req,
  File "/usr/local/lib/python3.10/urllib/request.py", line 1351, in do_open
    raise URLError(err)
urllib.error.URLError: <urlopen error [Errno -2] Name or service not known>
[2026-02-06T20:59:32.071+0000] {taskinstance.py:1138} INFO - Marking task as FAILED. dag_id=dag_teste, task_id=extrair_dados, execution_date=20260206T183300, start_date=20260206T205931, end_date=20260206T205932
[2026-02-06T20:59:32.079+0000] {standard_task_runner.py:107} ERROR - Failed to execute job 1513 for task extrair_dados (<urlopen error [Errno -2] Name or service not known>; 8531)
[2026-02-06T20:59:32.121+0000] {local_task_job_runner.py:234} INFO - Task exited with return code 1
[2026-02-06T20:59:32.136+0000] {taskinstance.py:3280} INFO - 0 downstream tasks scheduled from follow-on schedule check
