[2026-02-06T18:54:58.203+0000] {taskinstance.py:1956} INFO - Dependencies all met for dep_context=non-requeueable deps ti=<TaskInstance: dag_teste.processar scheduled__2026-02-06T09:55:00+00:00 [queued]>
[2026-02-06T18:54:58.212+0000] {taskinstance.py:1956} INFO - Dependencies all met for dep_context=requeueable deps ti=<TaskInstance: dag_teste.processar scheduled__2026-02-06T09:55:00+00:00 [queued]>
[2026-02-06T18:54:58.213+0000] {taskinstance.py:2170} INFO - Starting attempt 1 of 1
[2026-02-06T18:54:58.233+0000] {taskinstance.py:2191} INFO - Executing <Task(_PythonDecoratedOperator): processar> on 2026-02-06 09:55:00+00:00
[2026-02-06T18:54:58.251+0000] {standard_task_runner.py:60} INFO - Started process 5600 to run task
[2026-02-06T18:54:58.262+0000] {standard_task_runner.py:87} INFO - Running: ['***', 'tasks', 'run', 'dag_teste', 'processar', 'scheduled__2026-02-06T09:55:00+00:00', '--job-id', '814', '--raw', '--subdir', 'DAGS_FOLDER/dag-teste.py', '--cfg-path', '/tmp/tmp1_bz1a5p']
[2026-02-06T18:54:58.269+0000] {standard_task_runner.py:88} INFO - Job 814: Subtask processar
[2026-02-06T18:54:58.340+0000] {task_command.py:423} INFO - Running <TaskInstance: dag_teste.processar scheduled__2026-02-06T09:55:00+00:00 [running]> on host 47775b6fddb5
[2026-02-06T18:54:58.475+0000] {taskinstance.py:2480} INFO - Exporting env vars: AIRFLOW_CTX_DAG_OWNER='***' AIRFLOW_CTX_DAG_ID='dag_teste' AIRFLOW_CTX_TASK_ID='processar' AIRFLOW_CTX_EXECUTION_DATE='2026-02-06T09:55:00+00:00' AIRFLOW_CTX_TRY_NUMBER='1' AIRFLOW_CTX_DAG_RUN_ID='scheduled__2026-02-06T09:55:00+00:00'
[2026-02-06T18:54:58.499+0000] {taskinstance.py:2698} ERROR - Task failed with exception
Traceback (most recent call last):
  File "/home/airflow/.local/lib/python3.10/site-packages/airflow/models/taskinstance.py", line 433, in _execute_task
    result = execute_callable(context=context, **execute_callable_kwargs)
  File "/home/airflow/.local/lib/python3.10/site-packages/airflow/decorators/base.py", line 241, in execute
    return_value = super().execute(context)
  File "/home/airflow/.local/lib/python3.10/site-packages/airflow/operators/python.py", line 199, in execute
    return_value = self.execute_callable()
  File "/home/airflow/.local/lib/python3.10/site-packages/airflow/operators/python.py", line 216, in execute_callable
    return self.python_callable(*self.op_args, **self.op_kwargs)
  File "/opt/airflow/dags/dag-teste.py", line 49, in processar
    df_limpo.to_csv(path_processed, index=False)
UnboundLocalError: local variable 'df_limpo' referenced before assignment
[2026-02-06T18:54:58.516+0000] {taskinstance.py:1138} INFO - Marking task as FAILED. dag_id=dag_teste, task_id=processar, execution_date=20260206T095500, start_date=20260206T185458, end_date=20260206T185458
[2026-02-06T18:54:58.535+0000] {standard_task_runner.py:107} ERROR - Failed to execute job 814 for task processar (local variable 'df_limpo' referenced before assignment; 5600)
[2026-02-06T18:54:58.568+0000] {local_task_job_runner.py:234} INFO - Task exited with return code 1
[2026-02-06T18:54:58.588+0000] {taskinstance.py:3280} INFO - 0 downstream tasks scheduled from follow-on schedule check
