[2026-02-06T18:08:08.798+0000] {taskinstance.py:1956} INFO - Dependencies all met for dep_context=non-requeueable deps ti=<TaskInstance: dag_teste.extrair_dados scheduled__2026-02-06T01:05:00+00:00 [queued]>
[2026-02-06T18:08:08.804+0000] {taskinstance.py:1956} INFO - Dependencies all met for dep_context=requeueable deps ti=<TaskInstance: dag_teste.extrair_dados scheduled__2026-02-06T01:05:00+00:00 [queued]>
[2026-02-06T18:08:08.804+0000] {taskinstance.py:2170} INFO - Starting attempt 1 of 1
[2026-02-06T18:08:08.815+0000] {taskinstance.py:2191} INFO - Executing <Task(_PythonDecoratedOperator): extrair_dados> on 2026-02-06 01:05:00+00:00
[2026-02-06T18:08:08.821+0000] {standard_task_runner.py:60} INFO - Started process 403 to run task
[2026-02-06T18:08:08.825+0000] {standard_task_runner.py:87} INFO - Running: ['***', 'tasks', 'run', 'dag_teste', 'extrair_dados', 'scheduled__2026-02-06T01:05:00+00:00', '--job-id', '80', '--raw', '--subdir', 'DAGS_FOLDER/dag-teste.py', '--cfg-path', '/tmp/tmp5dz3v00v']
[2026-02-06T18:08:08.827+0000] {standard_task_runner.py:88} INFO - Job 80: Subtask extrair_dados
[2026-02-06T18:08:08.874+0000] {task_command.py:423} INFO - Running <TaskInstance: dag_teste.extrair_dados scheduled__2026-02-06T01:05:00+00:00 [running]> on host 47775b6fddb5
[2026-02-06T18:08:08.940+0000] {taskinstance.py:2480} INFO - Exporting env vars: AIRFLOW_CTX_DAG_OWNER='***' AIRFLOW_CTX_DAG_ID='dag_teste' AIRFLOW_CTX_TASK_ID='extrair_dados' AIRFLOW_CTX_EXECUTION_DATE='2026-02-06T01:05:00+00:00' AIRFLOW_CTX_TRY_NUMBER='1' AIRFLOW_CTX_DAG_RUN_ID='scheduled__2026-02-06T01:05:00+00:00'
[2026-02-06T18:08:08.942+0000] {taskinstance.py:2698} ERROR - Task failed with exception
Traceback (most recent call last):
  File "/usr/local/lib/python3.10/pathlib.py", line 1175, in mkdir
    self._accessor.mkdir(self, mode)
FileNotFoundError: [Errno 2] No such file or directory: '/home/guiandreis/airflow-tempo-projeto/testedags'

During handling of the above exception, another exception occurred:

Traceback (most recent call last):
  File "/usr/local/lib/python3.10/pathlib.py", line 1175, in mkdir
    self._accessor.mkdir(self, mode)
FileNotFoundError: [Errno 2] No such file or directory: '/home/guiandreis/airflow-tempo-projeto'

During handling of the above exception, another exception occurred:

Traceback (most recent call last):
  File "/home/airflow/.local/lib/python3.10/site-packages/airflow/models/taskinstance.py", line 433, in _execute_task
    result = execute_callable(context=context, **execute_callable_kwargs)
  File "/home/airflow/.local/lib/python3.10/site-packages/airflow/decorators/base.py", line 241, in execute
    return_value = super().execute(context)
  File "/home/airflow/.local/lib/python3.10/site-packages/airflow/operators/python.py", line 199, in execute
    return_value = self.execute_callable()
  File "/home/airflow/.local/lib/python3.10/site-packages/airflow/operators/python.py", line 216, in execute_callable
    return self.python_callable(*self.op_args, **self.op_kwargs)
  File "/opt/airflow/dags/dag-teste.py", line 15, in extrair_dados
    Path(file_path).parent.mkdir(parents=True, exist_ok=True)
  File "/usr/local/lib/python3.10/pathlib.py", line 1179, in mkdir
    self.parent.mkdir(parents=True, exist_ok=True)
  File "/usr/local/lib/python3.10/pathlib.py", line 1179, in mkdir
    self.parent.mkdir(parents=True, exist_ok=True)
  File "/usr/local/lib/python3.10/pathlib.py", line 1175, in mkdir
    self._accessor.mkdir(self, mode)
PermissionError: [Errno 13] Permission denied: '/home/guiandreis'
[2026-02-06T18:08:08.949+0000] {taskinstance.py:1138} INFO - Marking task as FAILED. dag_id=dag_teste, task_id=extrair_dados, execution_date=20260206T010500, start_date=20260206T180808, end_date=20260206T180808
[2026-02-06T18:08:08.957+0000] {standard_task_runner.py:107} ERROR - Failed to execute job 80 for task extrair_dados ([Errno 13] Permission denied: '/home/guiandreis'; 403)
[2026-02-06T18:08:08.997+0000] {local_task_job_runner.py:234} INFO - Task exited with return code 1
[2026-02-06T18:08:09.013+0000] {taskinstance.py:3280} INFO - 0 downstream tasks scheduled from follow-on schedule check
