[2026-02-07T02:29:36.504+0000] {taskinstance.py:1956} INFO - Dependencies all met for dep_context=non-requeueable deps ti=<TaskInstance: pipeline_teste.rodar_script scheduled__2026-02-07T02:23:00+00:00 [queued]>
[2026-02-07T02:29:36.511+0000] {taskinstance.py:1956} INFO - Dependencies all met for dep_context=requeueable deps ti=<TaskInstance: pipeline_teste.rodar_script scheduled__2026-02-07T02:23:00+00:00 [queued]>
[2026-02-07T02:29:36.511+0000] {taskinstance.py:2170} INFO - Starting attempt 2 of 2
[2026-02-07T02:29:36.521+0000] {taskinstance.py:2191} INFO - Executing <Task(_PythonDecoratedOperator): rodar_script> on 2026-02-07 02:23:00+00:00
[2026-02-07T02:29:36.528+0000] {standard_task_runner.py:60} INFO - Started process 426 to run task
[2026-02-07T02:29:36.531+0000] {standard_task_runner.py:87} INFO - Running: ['***', 'tasks', 'run', 'pipeline_teste', 'rodar_script', 'scheduled__2026-02-07T02:23:00+00:00', '--job-id', '2134', '--raw', '--subdir', 'DAGS_FOLDER/dag-teste.py', '--cfg-path', '/tmp/tmp7l2_2sx_']
[2026-02-07T02:29:36.533+0000] {standard_task_runner.py:88} INFO - Job 2134: Subtask rodar_script
[2026-02-07T02:29:36.581+0000] {task_command.py:423} INFO - Running <TaskInstance: pipeline_teste.rodar_script scheduled__2026-02-07T02:23:00+00:00 [running]> on host bbf5f39feb62
[2026-02-07T02:29:36.649+0000] {taskinstance.py:2480} INFO - Exporting env vars: AIRFLOW_CTX_DAG_OWNER='guiandreis' AIRFLOW_CTX_DAG_ID='pipeline_teste' AIRFLOW_CTX_TASK_ID='rodar_script' AIRFLOW_CTX_EXECUTION_DATE='2026-02-07T02:23:00+00:00' AIRFLOW_CTX_TRY_NUMBER='2' AIRFLOW_CTX_DAG_RUN_ID='scheduled__2026-02-07T02:23:00+00:00'
[2026-02-07T02:29:36.999+0000] {taskinstance.py:2698} ERROR - Task failed with exception
Traceback (most recent call last):
  File "/home/airflow/.local/lib/python3.10/site-packages/airflow/models/taskinstance.py", line 433, in _execute_task
    result = execute_callable(context=context, **execute_callable_kwargs)
  File "/home/airflow/.local/lib/python3.10/site-packages/airflow/decorators/base.py", line 241, in execute
    return_value = super().execute(context)
  File "/home/airflow/.local/lib/python3.10/site-packages/airflow/operators/python.py", line 199, in execute
    return_value = self.execute_callable()
  File "/home/airflow/.local/lib/python3.10/site-packages/airflow/operators/python.py", line 216, in execute_callable
    return self.python_callable(*self.op_args, **self.op_kwargs)
  File "/opt/airflow/dags/dag-teste.py", line 33, in rodar_script
    subprocess.run(["python3", "/opt/airflow/src/main.py"], check=True)
  File "/usr/local/lib/python3.10/subprocess.py", line 526, in run
    raise CalledProcessError(retcode, process.args,
subprocess.CalledProcessError: Command '['python3', '/opt/airflow/src/main.py']' returned non-zero exit status 1.
[2026-02-07T02:29:37.008+0000] {taskinstance.py:1138} INFO - Marking task as FAILED. dag_id=pipeline_teste, task_id=rodar_script, execution_date=20260207T022300, start_date=20260207T022936, end_date=20260207T022937
[2026-02-07T02:29:37.016+0000] {standard_task_runner.py:107} ERROR - Failed to execute job 2134 for task rodar_script (Command '['python3', '/opt/airflow/src/main.py']' returned non-zero exit status 1.; 426)
[2026-02-07T02:29:37.065+0000] {local_task_job_runner.py:234} INFO - Task exited with return code 1
[2026-02-07T02:29:37.080+0000] {taskinstance.py:3280} INFO - 0 downstream tasks scheduled from follow-on schedule check
